<?xml version="1.0" encoding="UTF-8"?>
<!-- Generated by org.testng.reporters.JUnitReportReporter -->
<testsuite hostname="DESKTOP-J9JQ713" failures="0" tests="1" name="com.inetbanking.testcases.TC_addCust_003" time="15.517" errors="0" timestamp="2022-10-18T01:33:44 AST" skipped="0">
  <testcase classname="com.inetbanking.testcases.TC_addCust_003" name="addNewCustomer" time="15.517"/>
  <system-out/>
</testsuite> <!-- com.inetbanking.testcases.TC_addCust_003 -->
